<?xml version="1.0" encoding="UTF-8"?>
<testng-results ignored="0" total="2" passed="1" failed="1" skipped="0">
  <reporter-output>
  </reporter-output>
  <suite started-at="2022-06-22T11:06:32 CLT" name="Suite" finished-at="2022-06-22T11:07:03 CLT" duration-ms="30771">
    <groups>
    </groups>
    <test started-at="2022-06-22T11:06:32 CLT" name="SitioPrivadoSuite" finished-at="2022-06-22T11:06:47 CLT" duration-ms="14697">
      <class name="com.project.pom.test.Test_Registro">
        <test-method is-config="true" signature="setUp()[pri:0, instance:com.project.pom.test.Test_Registro@54a67a45]" started-at="2022-06-22T11:06:32 CLT" name="setUp" finished-at="2022-06-22T11:06:34 CLT" duration-ms="1710" status="PASS">
          <reporter-output>
          </reporter-output>
        </test-method> <!-- setUp -->
        <test-method signature="Login(java.lang.String,java.lang.String)[pri:0, instance:com.project.pom.test.Test_Registro@54a67a45]" started-at="2022-06-22T11:06:34 CLT" name="Login" finished-at="2022-06-22T11:06:47 CLT" duration-ms="12945" status="PASS">
          <params>
            <param index="0">
              <value>
                <![CDATA[15843817-8]]>
              </value>
            </param>
            <param index="1">
              <value>
                <![CDATA[123456]]>
              </value>
            </param>
          </params>
          <reporter-output>
          </reporter-output>
        </test-method> <!-- Login -->
        <test-method is-config="true" signature="tearDown()[pri:0, instance:com.project.pom.test.Test_Registro@54a67a45]" started-at="2022-06-22T11:06:47 CLT" name="tearDown" finished-at="2022-06-22T11:06:47 CLT" duration-ms="0" status="PASS">
          <reporter-output>
          </reporter-output>
        </test-method> <!-- tearDown -->
      </class> <!-- com.project.pom.test.Test_Registro -->
    </test> <!-- SitioPrivadoSuite -->
    <test started-at="2022-06-22T11:06:47 CLT" name="SitioPrivadoSuite1" finished-at="2022-06-22T11:07:03 CLT" duration-ms="16030">
      <class name="com.project.pom.test.Test_Registro">
        <test-method is-config="true" signature="setUp()[pri:0, instance:com.project.pom.test.Test_Registro@c5ee75e]" started-at="2022-06-22T11:06:47 CLT" name="setUp" finished-at="2022-06-22T11:06:48 CLT" duration-ms="1175" status="PASS">
          <reporter-output>
          </reporter-output>
        </test-method> <!-- setUp -->
        <test-method signature="Login(java.lang.String,java.lang.String)[pri:0, instance:com.project.pom.test.Test_Registro@c5ee75e]" started-at="2022-06-22T11:06:48 CLT" name="Login" finished-at="2022-06-22T11:07:03 CLT" duration-ms="14850" status="FAIL">
          <params>
            <param index="0">
              <value>
                <![CDATA[1817-8]]>
              </value>
            </param>
            <param index="1">
              <value>
                <![CDATA[3456]]>
              </value>
            </param>
          </params>
          <exception class="java.lang.AssertionError">
            <message>
              <![CDATA[did not expect [http://qa-login-banmedica.apps.ocpdev.banmedica.cl/login] but found [http://qa-login-banmedica.apps.ocpdev.banmedica.cl/login]]]>
            </message>
            <full-stacktrace>
              <![CDATA[java.lang.AssertionError: did not expect [http://qa-login-banmedica.apps.ocpdev.banmedica.cl/login] but found [http://qa-login-banmedica.apps.ocpdev.banmedica.cl/login]
at org.testng.Assert.fail(Assert.java:110)
at org.testng.Assert.failEquals(Assert.java:1417)
at org.testng.Assert.assertNotEqualsImpl(Assert.java:156)
at org.testng.Assert.assertNotEquals(Assert.java:2033)
at org.testng.Assert.assertNotEquals(Assert.java:2055)
at com.project.pom.test.Test_Registro.Login(Test_Registro.java:38)
at java.base/jdk.internal.reflect.NativeMethodAccessorImpl.invoke0(Native Method)
at java.base/jdk.internal.reflect.NativeMethodAccessorImpl.invoke(NativeMethodAccessorImpl.java:77)
at java.base/jdk.internal.reflect.DelegatingMethodAccessorImpl.invoke(DelegatingMethodAccessorImpl.java:43)
at java.base/java.lang.reflect.Method.invoke(Method.java:568)
at org.testng.internal.invokers.MethodInvocationHelper.invokeMethod(MethodInvocationHelper.java:139)
at org.testng.internal.invokers.TestInvoker.invokeMethod(TestInvoker.java:677)
at org.testng.internal.invokers.TestInvoker.invokeTestMethod(TestInvoker.java:221)
at org.testng.internal.invokers.MethodRunner.runInSequence(MethodRunner.java:50)
at org.testng.internal.invokers.TestInvoker$MethodInvocationAgent.invoke(TestInvoker.java:962)
at org.testng.internal.invokers.TestInvoker.invokeTestMethods(TestInvoker.java:194)
at org.testng.internal.invokers.TestMethodWorker.invokeTestMethods(TestMethodWorker.java:148)
at org.testng.internal.invokers.TestMethodWorker.run(TestMethodWorker.java:128)
at java.base/java.util.ArrayList.forEach(ArrayList.java:1511)
at org.testng.TestRunner.privateRun(TestRunner.java:806)
at org.testng.TestRunner.run(TestRunner.java:601)
at org.testng.SuiteRunner.runTest(SuiteRunner.java:433)
at org.testng.SuiteRunner.runSequentially(SuiteRunner.java:427)
at org.testng.SuiteRunner.privateRun(SuiteRunner.java:387)
at org.testng.SuiteRunner.run(SuiteRunner.java:330)
at org.testng.SuiteRunnerWorker.runSuite(SuiteRunnerWorker.java:52)
at org.testng.SuiteRunnerWorker.run(SuiteRunnerWorker.java:95)
at org.testng.TestNG.runSuitesSequentially(TestNG.java:1256)
at org.testng.TestNG.runSuitesLocally(TestNG.java:1176)
at org.testng.TestNG.runSuites(TestNG.java:1099)
at org.testng.TestNG.run(TestNG.java:1067)
at org.testng.remote.AbstractRemoteTestNG.run(AbstractRemoteTestNG.java:115)
at org.testng.remote.RemoteTestNG.initAndRun(RemoteTestNG.java:251)
at org.testng.remote.RemoteTestNG.main(RemoteTestNG.java:77)
]]>
            </full-stacktrace>
          </exception> <!-- java.lang.AssertionError -->
          <reporter-output>
          </reporter-output>
        </test-method> <!-- Login -->
        <test-method is-config="true" signature="tearDown()[pri:0, instance:com.project.pom.test.Test_Registro@c5ee75e]" started-at="2022-06-22T11:07:03 CLT" name="tearDown" finished-at="2022-06-22T11:07:03 CLT" duration-ms="1" status="PASS">
          <reporter-output>
          </reporter-output>
        </test-method> <!-- tearDown -->
      </class> <!-- com.project.pom.test.Test_Registro -->
    </test> <!-- SitioPrivadoSuite1 -->
  </suite> <!-- Suite -->
</testng-results>
